0 info it worked if it ends with ok
1 verbose cli [ '/home/sara/.nvm/versions/node/v6.14.4/bin/node',
1 verbose cli   '/home/sara/.nvm/versions/node/v6.14.4/bin/npm',
1 verbose cli   'start' ]
2 info using npm@3.10.10
3 info using node@v6.14.4
4 verbose run-script [ 'prestart', 'start', 'poststart' ]
5 info lifecycle monitor@0.1.0~prestart: monitor@0.1.0
6 silly lifecycle monitor@0.1.0~prestart: no script for prestart, continuing
7 info lifecycle monitor@0.1.0~start: monitor@0.1.0
8 verbose lifecycle monitor@0.1.0~start: unsafe-perm in lifecycle true
9 verbose lifecycle monitor@0.1.0~start: PATH: /home/sara/.nvm/versions/node/v6.14.4/lib/node_modules/npm/bin/node-gyp-bin:/home/sara/git/FicusMonitoreoDeRiego/web/node_modules/.bin:/home/sara/.nvm/versions/node/v6.14.4/bin:/usr/lib/jvm/jdk-8u181-linux-x64/jdk1.8.0_181/bin:/home/sara/.local/bin:/usr/lib/jvm/jdk-8u181-linux-x64/jdk1.8.0_181/bin:/usr/local/sbin:/usr/local/bin:/usr/sbin:/usr/bin:/sbin:/bin:/usr/games:/usr/local/games:/snap/bin
10 verbose lifecycle monitor@0.1.0~start: CWD: /home/sara/git/FicusMonitoreoDeRiego/web
11 silly lifecycle monitor@0.1.0~start: Args: [ '-c', 'react-scripts start' ]
12 silly lifecycle monitor@0.1.0~start: Returned: code: 1  signal: null
13 info lifecycle monitor@0.1.0~start: Failed to exec start script
14 verbose stack Error: monitor@0.1.0 start: `react-scripts start`
14 verbose stack Exit status 1
14 verbose stack     at EventEmitter.<anonymous> (/home/sara/.nvm/versions/node/v6.14.4/lib/node_modules/npm/lib/utils/lifecycle.js:255:16)
14 verbose stack     at emitTwo (events.js:106:13)
14 verbose stack     at EventEmitter.emit (events.js:191:7)
14 verbose stack     at ChildProcess.<anonymous> (/home/sara/.nvm/versions/node/v6.14.4/lib/node_modules/npm/lib/utils/spawn.js:40:14)
14 verbose stack     at emitTwo (events.js:106:13)
14 verbose stack     at ChildProcess.emit (events.js:191:7)
14 verbose stack     at maybeClose (internal/child_process.js:920:16)
14 verbose stack     at Process.ChildProcess._handle.onexit (internal/child_process.js:230:5)
15 verbose pkgid monitor@0.1.0
16 verbose cwd /home/sara/git/FicusMonitoreoDeRiego/web
17 error Linux 4.15.0-58-generic
18 error argv "/home/sara/.nvm/versions/node/v6.14.4/bin/node" "/home/sara/.nvm/versions/node/v6.14.4/bin/npm" "start"
19 error node v6.14.4
20 error npm  v3.10.10
21 error code ELIFECYCLE
22 error monitor@0.1.0 start: `react-scripts start`
22 error Exit status 1
23 error Failed at the monitor@0.1.0 start script 'react-scripts start'.
23 error Make sure you have the latest version of node.js and npm installed.
23 error If you do, this is most likely a problem with the monitor package,
23 error not with npm itself.
23 error Tell the author that this fails on your system:
23 error     react-scripts start
23 error You can get information on how to open an issue for this project with:
23 error     npm bugs monitor
23 error Or if that isn't available, you can get their info via:
23 error     npm owner ls monitor
23 error There is likely additional logging output above.
24 verbose exit [ 1, true ]
